# JRE version: Java(TM) SE Runtime Environment (8.0_66-b17) (build 1.8.0_66-b17)
# Java VM: Java HotSpot(TM) 64-Bit Server VM (25.66-b17 mixed mode bsd-amd64 compressed oops)
Heap:
 PSYoungGen      total 276480K, used 215301K [0x000000076ab00000, 0x000000077e900000, 0x00000007c0000000)
  eden space 256000K, 81% used [0x000000076ab00000,0x00000007777820d8,0x000000077a500000)
  from space 20480K, 28% used [0x000000077a500000,0x000000077aabf610,0x000000077b900000)
  to   space 20992K, 46% used [0x000000077d480000,0x000000077ddfc838,0x000000077e900000)
 ParOldGen       total 129536K, used 24261K [0x00000006c0000000, 0x00000006c7e80000, 0x000000076ab00000)
  object space 129536K, 18% used [0x00000006c0000000,0x00000006c17b1640,0x00000006c7e80000)
 Metaspace       used 28530K, capacity 29234K, committed 29568K, reserved 1075200K
  class space    used 3159K, capacity 3419K, committed 3456K, reserved 1048576K
GC Heap History (10 events):
Event: 2.279 GC heap after
Heap after GC invocations=4 (full 0):
 PSYoungGen      total 141824K, used 10727K [0x000000076ab00000, 0x0000000774000000, 0x00000007c0000000)
  eden space 131072K, 0% used [0x000000076ab00000,0x000000076ab00000,0x0000000772b00000)
  from space 10752K, 99% used [0x0000000773580000,0x0000000773ff9eb0,0x0000000774000000)
  to   space 10752K, 0% used [0x0000000772b00000,0x0000000772b00000,0x0000000773580000)
 ParOldGen       total 175104K, used 9617K [0x00000006c0000000, 0x00000006cab00000, 0x000000076ab00000)
  object space 175104K, 5% used [0x00000006c0000000,0x00000006c0964680,0x00000006cab00000)
 Metaspace       used 20142K, capacity 20608K, committed 20864K, reserved 1067008K
  class space    used 2405K, capacity 2561K, committed 2688K, reserved 1048576K
}
Event: 2.494 GC heap before
{Heap before GC invocations=5 (full 0):
 PSYoungGen      total 141824K, used 34263K [0x000000076ab00000, 0x0000000774000000, 0x00000007c0000000)
  eden space 131072K, 17% used [0x000000076ab00000,0x000000076c1fbe40,0x0000000772b00000)
  from space 10752K, 99% used [0x0000000773580000,0x0000000773ff9eb0,0x0000000774000000)
  to   space 10752K, 0% used [0x0000000772b00000,0x0000000772b00000,0x0000000773580000)
 ParOldGen       total 175104K, used 9617K [0x00000006c0000000, 0x00000006cab00000, 0x000000076ab00000)
  object space 175104K, 5% used [0x00000006c0000000,0x00000006c0964680,0x00000006cab00000)
 Metaspace       used 20680K, capacity 21184K, committed 21296K, reserved 1069056K
  class space    used 2435K, capacity 2625K, committed 2688K, reserved 1048576K
Event: 2.510 GC heap after
Heap after GC invocations=5 (full 0):
 PSYoungGen      total 141824K, used 10748K [0x000000076ab00000, 0x000000077d500000, 0x00000007c0000000)
  eden space 131072K, 0% used [0x000000076ab00000,0x000000076ab00000,0x0000000772b00000)
  from space 10752K, 99% used [0x0000000772b00000,0x000000077357f2c0,0x0000000773580000)
  to   space 21504K, 0% used [0x000000077c000000,0x000000077c000000,0x000000077d500000)
 ParOldGen       total 175104K, used 15750K [0x00000006c0000000, 0x00000006cab00000, 0x000000076ab00000)
  object space 175104K, 8% used [0x00000006c0000000,0x00000006c0f61928,0x00000006cab00000)
 Metaspace       used 20680K, capacity 21184K, committed 21296K, reserved 1069056K
  class space    used 2435K, capacity 2625K, committed 2688K, reserved 1048576K
}
Event: 2.510 GC heap before
{Heap before GC invocations=6 (full 1):
 PSYoungGen      total 141824K, used 10748K [0x000000076ab00000, 0x000000077d500000, 0x00000007c0000000)
  eden space 131072K, 0% used [0x000000076ab00000,0x000000076ab00000,0x0000000772b00000)
  from space 10752K, 99% used [0x0000000772b00000,0x000000077357f2c0,0x0000000773580000)
  to   space 21504K, 0% used [0x000000077c000000,0x000000077c000000,0x000000077d500000)
 ParOldGen       total 175104K, used 15750K [0x00000006c0000000, 0x00000006cab00000, 0x000000076ab00000)
  object space 175104K, 8% used [0x00000006c0000000,0x00000006c0f61928,0x00000006cab00000)
 Metaspace       used 20680K, capacity 21184K, committed 21296K, reserved 1069056K
  class space    used 2435K, capacity 2625K, committed 2688K, reserved 1048576K
Event: 2.573 GC heap after
Heap after GC invocations=6 (full 1):
 PSYoungGen      total 141824K, used 0K [0x000000076ab00000, 0x000000077d500000, 0x00000007c0000000)
  eden space 131072K, 0% used [0x000000076ab00000,0x000000076ab00000,0x0000000772b00000)
  from space 10752K, 0% used [0x0000000772b00000,0x0000000772b00000,0x0000000773580000)
  to   space 21504K, 0% used [0x000000077c000000,0x000000077c000000,0x000000077d500000)
 ParOldGen       total 129536K, used 24237K [0x00000006c0000000, 0x00000006c7e80000, 0x000000076ab00000)
  object space 129536K, 18% used [0x00000006c0000000,0x00000006c17ab640,0x00000006c7e80000)
 Metaspace       used 20680K, capacity 21184K, committed 21296K, reserved 1069056K
  class space    used 2435K, capacity 2625K, committed 2688K, reserved 1048576K
}
Event: 3.815 GC heap before
{Heap before GC invocations=7 (full 1):
 PSYoungGen      total 141824K, used 131072K [0x000000076ab00000, 0x000000077d500000, 0x00000007c0000000)
  eden space 131072K, 100% used [0x000000076ab00000,0x0000000772b00000,0x0000000772b00000)
  from space 10752K, 0% used [0x0000000772b00000,0x0000000772b00000,0x0000000773580000)
  to   space 21504K, 0% used [0x000000077c000000,0x000000077c000000,0x000000077d500000)
 ParOldGen       total 129536K, used 24237K [0x00000006c0000000, 0x00000006c7e80000, 0x000000076ab00000)
  object space 129536K, 18% used [0x00000006c0000000,0x00000006c17ab640,0x00000006c7e80000)
 Metaspace       used 22709K, capacity 23206K, committed 23552K, reserved 1071104K
  class space    used 2569K, capacity 2722K, committed 2816K, reserved 1048576K
Event: 3.827 GC heap after
Heap after GC invocations=7 (full 1):
 PSYoungGen      total 208896K, used 12873K [0x000000076ab00000, 0x000000077cd00000, 0x00000007c0000000)
  eden space 195584K, 0% used [0x000000076ab00000,0x000000076ab00000,0x0000000776a00000)
  from space 13312K, 96% used [0x000000077c000000,0x000000077cc92448,0x000000077cd00000)
  to   space 20480K, 0% used [0x000000077a500000,0x000000077a500000,0x000000077b900000)
 ParOldGen       total 129536K, used 24245K [0x00000006c0000000, 0x00000006c7e80000, 0x000000076ab00000)
  object space 129536K, 18% used [0x00000006c0000000,0x00000006c17ad640,0x00000006c7e80000)
 Metaspace       used 22709K, capacity 23206K, committed 23552K, reserved 1071104K
  class space    used 2569K, capacity 2722K, committed 2816K, reserved 1048576K
}
Event: 4.692 GC heap before
{Heap before GC invocations=8 (full 1):
 PSYoungGen      total 208896K, used 208457K [0x000000076ab00000, 0x000000077cd00000, 0x00000007c0000000)
  eden space 195584K, 100% used [0x000000076ab00000,0x0000000776a00000,0x0000000776a00000)
  from space 13312K, 96% used [0x000000077c000000,0x000000077cc92448,0x000000077cd00000)
  to   space 20480K, 0% used [0x000000077a500000,0x000000077a500000,0x000000077b900000)
 ParOldGen       total 129536K, used 24245K [0x00000006c0000000, 0x00000006c7e80000, 0x000000076ab00000)
  object space 129536K, 18% used [0x00000006c0000000,0x00000006c17ad640,0x00000006c7e80000)
 Metaspace       used 23821K, capacity 24350K, committed 24704K, reserved 1071104K
  class space    used 2650K, capacity 2821K, committed 2944K, reserved 1048576K
Event: 4.701 GC heap after
Heap after GC invocations=8 (full 1):
 PSYoungGen      total 276480K, used 5885K [0x000000076ab00000, 0x000000077e900000, 0x00000007c0000000)
  eden space 256000K, 0% used [0x000000076ab00000,0x000000076ab00000,0x000000077a500000)
  from space 20480K, 28% used [0x000000077a500000,0x000000077aabf610,0x000000077b900000)
  to   space 20992K, 0% used [0x000000077d480000,0x000000077d480000,0x000000077e900000)
 ParOldGen       total 129536K, used 24253K [0x00000006c0000000, 0x00000006c7e80000, 0x000000076ab00000)
  object space 129536K, 18% used [0x00000006c0000000,0x00000006c17af640,0x00000006c7e80000)
 Metaspace       used 23821K, capacity 24350K, committed 24704K, reserved 1071104K
  class space    used 2650K, capacity 2821K, committed 2944K, reserved 1048576K
}
Event: 15.118 GC heap before
{Heap before GC invocations=9 (full 1):
 PSYoungGen      total 276480K, used 215301K [0x000000076ab00000, 0x000000077e900000, 0x00000007c0000000)
  eden space 256000K, 81% used [0x000000076ab00000,0x00000007777820d8,0x000000077a500000)
  from space 20480K, 28% used [0x000000077a500000,0x000000077aabf610,0x000000077b900000)
  to   space 20992K, 0% used [0x000000077d480000,0x000000077d480000,0x000000077e900000)
 ParOldGen       total 129536K, used 24253K [0x00000006c0000000, 0x00000006c7e80000, 0x000000076ab00000)
  object space 129536K, 18% used [0x00000006c0000000,0x00000006c17af640,0x00000006c7e80000)
 Metaspace       used 28530K, capacity 29234K, committed 29568K, reserved 1075200K
  class space    used 3159K, capacity 3419K, committed 3456K, reserved 1048576K

